# 3x17

```assembly
Breakpoint 2, 0x0000000000402988 in ?? ()
LEGEND: STACK | HEAP | CODE | DATA | RWX | RODATA
─────────────────────────────────────[ REGISTERS ]─────────────────────────────────────
 RAX  0x0
 RBX  0x0
 RCX  0x1
 RDX  0x402960 ◂— push   rbp
 RDI  0x0
 RSI  0x0
 R8   0x7fffffffdb10 ◂— 0x0
 R9   0x0
 R10  0x495740 ◂— 0x100000000
 R11  0x246
 R12  0x4b7100 —▸ 0x4b98e0 ◂— 0x0
 R13  0x1
 R14  0x4b98e0 ◂— 0x0
 R15  0x1
 RBP  0x4b40f0 —▸ 0x401b00 ◂— cmp    byte ptr [rip + 0xb77d9], 0
 RSP  0x7fffffffdad0 —▸ 0x7fffffffdb30 —▸ 0x4028d0 ◂— push   r15
 RIP  0x402988 ◂— call   qword ptr [rbp + rbx*8]
──────────────────────────────────────[ DISASM ]───────────────────────────────────────
   0x402994    jne    0x402988
    ↓
 ► 0x402988    call   qword ptr [rbp + rbx*8]
 
   0x40298c    sub    rbx, 1
   0x402990    cmp    rbx, -1
   0x402994    jne    0x402988
    ↓
 ► 0x402988    call   qword ptr [rbp + rbx*8]
 
   0x40298c    sub    rbx, 1
   0x402990    cmp    rbx, -1
   0x402994    jne    0x402988
    ↓
 ► 0x402988    call   qword ptr [rbp + rbx*8]
 
   0x40298c    sub    rbx, 1
───────────────────────────────────────[ STACK ]───────────────────────────────────────
00:0000│ rsp  0x7fffffffdad0 —▸ 0x7fffffffdb30 —▸ 0x4028d0 ◂— push   r15
01:0008│      0x7fffffffdad8 ◂— 0x1
02:0010│      0x7fffffffdae0 ◂— 0x0
03:0018│      0x7fffffffdae8 —▸ 0x40f820 ◂— jmp    0x40f74a
04:0020│      0x7fffffffdaf0 ◂— 0x0
05:0028│      0x7fffffffdaf8 —▸ 0x400470 ◂— 0x0
06:0030│      0x7fffffffdb00 —▸ 0x4028d0 ◂— push   r15
07:0038│      0x7fffffffdb08 —▸ 0x402960 ◂— push   rbp
─────────────────────────────────────[ BACKTRACE ]─────────────────────────────────────
 ► f 0           402988
   f 1           40f820
   f 2           40f95a
   f 3           402288
───────────────────────────────────────────────────────────────────────────────────────

pwndbg> x/24xw $rbp
0x4b40f0:	0x00401b00	0x00000000	0x00401580	0x00000000
0x4b4100:	0x00000002	0x0000000d	0x0048f7e0	0x00000000
0x4b4110:	0x0048f7c0	0x00000000	0x00000000	0x00000000
0x4b4120:	0x004b6460	0x00000000	0x00000001	0x00000000
0x4b4130:	0x004b63e0	0x00000000	0x00000001	0x00000000
0x4b4140:	0x00494580	0x00000000	0x004944a0	0x00000000

```

- `0x4b40f0:	0x00401b00` -> `.fini.array`